<!DOCTYPE html>
<html>
<head>
    <title>Unittest Results</title>
    <meta charset="utf-8">
    <meta name="viewport" content="width=device-width, initial-scale=1.0">
    <link rel="stylesheet" href="https://maxcdn.bootstrapcdn.com/bootstrap/3.3.6/css/bootstrap.min.css" integrity="sha384-1q8mTJOASx8j1Au+a5WDVnPi2lkFfwwEAa8hDDdjZlpLegxhjVME1fgjWPGmkzs7" crossorigin="anonymous">
</head>
<body>
    <div class="container">
        <div class="row">
            <div class="col-xs-12">
                <h2 class="text-capitalize">Unittest Results</h2>
                <p class='attribute'><strong>Start Time: </strong>2023-04-13 11:16:57</p>
                <p class='attribute'><strong>Duration: </strong>12.21 s</p>
                <p class='attribute'><strong>Summary: </strong>Total: 2, Pass: 1, Error: 1</p>
            </div>
        </div>
        <div class="row">
            <div class="col-xs-12 col-sm-10 col-md-10">
                <table class='table table-hover table-responsive'>
                    <thead>
                        <tr>
                            <th>__main__.demoqaElements</th>
                            <th>Status</th>
                            <th></th>
                        </tr>
                    </thead>
                    <tbody>
                        <tr class='warning'>
                            <td class="col-xs-10">test_elements_CheckBox</td>
                            <td class="col-xs-1">
                                <span class="label label-warning" style="display:block;width:40px;">Error</span>
                            </td>
                            <td class="col-xs-1">
                                <button class="btn btn-default btn-xs">View</button>
                            </td>
                        </tr>
                        <tr style="display:none;">
                            <td class="col-xs-9" colspan="3"><p style="color:maroon;">InvalidSelectorException: Message: invalid selector: Unable to locate an element with the xpath expression #tree-node > div > button.rct-option.rct-option-collapse-all > svg because of the following error:
SyntaxError: Failed to execute 'evaluate' on 'Document': The string '#tree-node > div > button.rct-option.rct-option-collapse-all > svg' is not a valid XPath expression.
  (Session info: chrome=111.0.5563.148)
Stacktrace:
Backtrace:
	(No symbol) [0x00E7DCE3]
	(No symbol) [0x00E139D1]
	(No symbol) [0x00D24DA8]
	(No symbol) [0x00D276FB]
	(No symbol) [0x00D275D0]
	(No symbol) [0x00D27850]
	(No symbol) [0x00D4FDF8]
	(No symbol) [0x00D503AB]
	(No symbol) [0x00D7EE62]
	(No symbol) [0x00D6AF14]
	(No symbol) [0x00D7D57C]
	(No symbol) [0x00D6ACC6]
	(No symbol) [0x00D46F68]
	(No symbol) [0x00D480CD]
	GetHandleVerifier [0x010F3832+2506274]
	GetHandleVerifier [0x01129794+2727300]
	GetHandleVerifier [0x0112E36C+2746716]
	GetHandleVerifier [0x00F26690+617600]
	(No symbol) [0x00E1C712]
	(No symbol) [0x00E21FF8]
	(No symbol) [0x00E220DB]
	(No symbol) [0x00E2C63B]
	BaseThreadInitThunk [0x77617D49+25]
	RtlInitializeExceptionChain [0x77A5B74B+107]
	RtlClearBits [0x77A5B6CF+191]
</p><p style="color:maroon;">Traceback (most recent call last):
  File "c:\Users\Edwin Tovar\Desktop\DemoQA\testCaseElements.py", line 41, in test_elements_CheckBox
    testCaseElementsCheckBox.collapse_button()
  File "c:\Users\Edwin Tovar\Desktop\DemoQA\Pages\pageElements.py", line 65, in collapse_button
    self.driver.find_element(By.XPATH, self.collapse_button_css).click()
  File "C:\Users\Edwin Tovar\AppData\Roaming\Python\Python310\site-packages\selenium\webdriver\remote\webdriver.py", line 831, in find_element
    return self.execute(Command.FIND_ELEMENT, {"using": by, "value": value})["value"]
  File "C:\Users\Edwin Tovar\AppData\Roaming\Python\Python310\site-packages\selenium\webdriver\remote\webdriver.py", line 440, in execute
    self.error_handler.check_response(response)
  File "C:\Users\Edwin Tovar\AppData\Roaming\Python\Python310\site-packages\selenium\webdriver\remote\errorhandler.py", line 245, in check_response
    raise exception_class(message, screen, stacktrace)
selenium.common.exceptions.InvalidSelectorException: Message: invalid selector: Unable to locate an element with the xpath expression #tree-node > div > button.rct-option.rct-option-collapse-all > svg because of the following error:
SyntaxError: Failed to execute 'evaluate' on 'Document': The string '#tree-node > div > button.rct-option.rct-option-collapse-all > svg' is not a valid XPath expression.
  (Session info: chrome=111.0.5563.148)
Stacktrace:
Backtrace:
	(No symbol) [0x00E7DCE3]
	(No symbol) [0x00E139D1]
	(No symbol) [0x00D24DA8]
	(No symbol) [0x00D276FB]
	(No symbol) [0x00D275D0]
	(No symbol) [0x00D27850]
	(No symbol) [0x00D4FDF8]
	(No symbol) [0x00D503AB]
	(No symbol) [0x00D7EE62]
	(No symbol) [0x00D6AF14]
	(No symbol) [0x00D7D57C]
	(No symbol) [0x00D6ACC6]
	(No symbol) [0x00D46F68]
	(No symbol) [0x00D480CD]
	GetHandleVerifier [0x010F3832+2506274]
	GetHandleVerifier [0x01129794+2727300]
	GetHandleVerifier [0x0112E36C+2746716]
	GetHandleVerifier [0x00F26690+617600]
	(No symbol) [0x00E1C712]
	(No symbol) [0x00E21FF8]
	(No symbol) [0x00E220DB]
	(No symbol) [0x00E2C63B]
	BaseThreadInitThunk [0x77617D49+25]
	RtlInitializeExceptionChain [0x77A5B74B+107]
	RtlClearBits [0x77A5B6CF+191]

</p>
                            </td>
                        </tr>
                        <tr class='success'>
                            <td class="col-xs-10">test_elements_TextBox</td>
                            <td class="col-xs-1">
                                <span class="label label-success" style="display:block;width:40px;">Pass</span>
                            </td>
                            <td class="col-xs-1">
                            </td>
                        </tr>
                        <tr>
                            <td colspan="3">
                                Total: 2, Pass: 1, Error: 1 -- Duration: 12.21 s
                            </td>
                        </tr>
                    </tbody>
                </table>
            </div>
        </div>
    </div>
    <script src="https://ajax.googleapis.com/ajax/libs/jquery/2.2.4/jquery.min.js"></script>
    <script type="text/javascript">
        $(document).ready(function(){
            $('td').on('click', '.btn', function(e){
                e.preventDefault();
                e.stopImmediatePropagation();
                var $this = $(this);
                var $nextRow = $this.closest('tr').next('tr');
                $nextRow.slideToggle("fast");
                $this.text(function(i, text){
                    if (text === 'View') {
                        return 'Hide';
                    } else {
                        return 'View';
                    };
                });
            });
        });
    </script>
</body>
</html